  [4;36;1mSQL (0.2ms)[0m   [0;1mSET NAMES 'utf8'[0m
  [4;35;1mSQL (0.1ms)[0m   [0mSET SQL_AUTO_IS_NULL=0[0m
  [4;36;1mSQL (0.4ms)[0m   [0;1mSHOW TABLES[0m
  [4;35;1mSQL (137.9ms)[0m   [0mCREATE TABLE `schema_migrations` (`version` varchar(255) NOT NULL) ENGINE=InnoDB[0m
  [4;36;1mSQL (246.7ms)[0m   [0;1mCREATE UNIQUE INDEX `unique_schema_migrations` ON `schema_migrations` (`version`)[0m
  [4;35;1mSQL (0.4ms)[0m   [0mSHOW TABLES[0m
  [4;36;1mSQL (0.3ms)[0m   [0;1mSELECT version FROM schema_migrations[0m
Migrating to CreateAdmins (20091015162745)
  [4;35;1mSQL (114.8ms)[0m   [0mCREATE TABLE `admins` (`id` int(11) DEFAULT NULL auto_increment PRIMARY KEY, `username` varchar(255), `crypted_password` varchar(255) NOT NULL, `password_salt` varchar(255) NOT NULL, `persistence_token` varchar(255) NOT NULL, `single_access_token` varchar(255) NOT NULL, `perishable_token` varchar(255) NOT NULL, `created_at` datetime, `updated_at` datetime) ENGINE=InnoDB[0m
  [4;36;1mSQL (0.6ms)[0m   [0;1mINSERT INTO schema_migrations (version) VALUES ('20091015162745')[0m
  [4;35;1mSQL (0.5ms)[0m   [0mSHOW TABLES[0m
  [4;36;1mSQL (0.2ms)[0m   [0;1mSELECT version FROM schema_migrations[0m
  [4;35;1mSQL (0.3ms)[0m   [0mSHOW TABLES[0m
  [4;36;1mSQL (1.5ms)[0m   [0;1mSHOW FIELDS FROM `admins`[0m
  [4;35;1mSQL (112.2ms)[0m   [0mdescribe `admins`[0m
  [4;36;1mSQL (0.6ms)[0m   [0;1mSHOW KEYS FROM `admins`[0m
  [4;36;1mSQL (0.2ms)[0m   [0;1mSET NAMES 'utf8'[0m
  [4;35;1mSQL (0.1ms)[0m   [0mSET SQL_AUTO_IS_NULL=0[0m
  [4;36;1mSQL (0.5ms)[0m   [0;1mSHOW TABLES[0m
  [4;35;1mSQL (0.2ms)[0m   [0mSELECT version FROM schema_migrations[0m
Migrating to CreateAdmins (20091015162745)
Migrating to CreateAdminSessions (20091015164245)
  [4;36;1mSQL (61.0ms)[0m   [0;1mCREATE TABLE `admin_sessions` (`id` int(11) DEFAULT NULL auto_increment PRIMARY KEY, `created_at` datetime, `updated_at` datetime) ENGINE=InnoDB[0m
  [4;35;1mSQL (0.8ms)[0m   [0mINSERT INTO schema_migrations (version) VALUES ('20091015164245')[0m
  [4;36;1mSQL (0.5ms)[0m   [0;1mSHOW TABLES[0m
  [4;35;1mSQL (0.2ms)[0m   [0mSELECT version FROM schema_migrations[0m
  [4;36;1mSQL (0.3ms)[0m   [0;1mSHOW TABLES[0m
  [4;35;1mSQL (1.3ms)[0m   [0mSHOW FIELDS FROM `admin_sessions`[0m
  [4;36;1mSQL (1.5ms)[0m   [0;1mdescribe `admin_sessions`[0m
  [4;35;1mSQL (0.5ms)[0m   [0mSHOW KEYS FROM `admin_sessions`[0m
  [4;36;1mSQL (1.2ms)[0m   [0;1mSHOW FIELDS FROM `admins`[0m
  [4;35;1mSQL (1.9ms)[0m   [0mdescribe `admins`[0m
  [4;36;1mSQL (0.7ms)[0m   [0;1mSHOW KEYS FROM `admins`[0m
  [4;36;1mSQL (0.1ms)[0m   [0;1mSET NAMES 'utf8'[0m
  [4;35;1mSQL (0.1ms)[0m   [0mSET SQL_AUTO_IS_NULL=0[0m
  [4;36;1mSQL (0.2ms)[0m   [0;1mSHOW TABLES[0m
  [4;35;1mSQL (225.5ms)[0m   [0mCREATE TABLE `schema_migrations` (`version` varchar(255) NOT NULL) ENGINE=InnoDB[0m
  [4;36;1mSQL (177.9ms)[0m   [0;1mCREATE UNIQUE INDEX `unique_schema_migrations` ON `schema_migrations` (`version`)[0m
  [4;35;1mSQL (0.3ms)[0m   [0mSHOW TABLES[0m
  [4;36;1mSQL (0.2ms)[0m   [0;1mSELECT version FROM schema_migrations[0m
Migrating to CreateAdmins (20091015162745)
  [4;35;1mSQL (102.0ms)[0m   [0mCREATE TABLE `admins` (`id` int(11) DEFAULT NULL auto_increment PRIMARY KEY, `username` varchar(255), `crypted_password` varchar(255) NOT NULL, `password_salt` varchar(255) NOT NULL, `persistence_token` varchar(255) NOT NULL, `single_access_token` varchar(255) NOT NULL, `perishable_token` varchar(255) NOT NULL, `created_at` datetime, `updated_at` datetime) ENGINE=InnoDB[0m
  [4;36;1mSQL (1.8ms)[0m   [0;1mINSERT INTO schema_migrations (version) VALUES ('20091015162745')[0m
Migrating to CreateAdminSessions (20091015164245)
  [4;35;1mSQL (101.7ms)[0m   [0mCREATE TABLE `admin_sessions` (`id` int(11) DEFAULT NULL auto_increment PRIMARY KEY, `created_at` datetime, `updated_at` datetime) ENGINE=InnoDB[0m
  [4;36;1mSQL (0.9ms)[0m   [0;1mINSERT INTO schema_migrations (version) VALUES ('20091015164245')[0m
  [4;35;1mSQL (0.3ms)[0m   [0mSHOW TABLES[0m
  [4;36;1mSQL (0.1ms)[0m   [0;1mSELECT version FROM schema_migrations[0m
  [4;35;1mSQL (0.2ms)[0m   [0mSHOW TABLES[0m
  [4;36;1mSQL (1.6ms)[0m   [0;1mSHOW FIELDS FROM `admin_sessions`[0m
  [4;35;1mSQL (3.2ms)[0m   [0mdescribe `admin_sessions`[0m
  [4;36;1mSQL (1.2ms)[0m   [0;1mSHOW KEYS FROM `admin_sessions`[0m
  [4;35;1mSQL (1.4ms)[0m   [0mSHOW FIELDS FROM `admins`[0m
  [4;36;1mSQL (4.4ms)[0m   [0;1mdescribe `admins`[0m
  [4;35;1mSQL (1.6ms)[0m   [0mSHOW KEYS FROM `admins`[0m
  [4;36;1mSQL (0.1ms)[0m   [0;1mSET NAMES 'utf8'[0m
  [4;35;1mSQL (0.1ms)[0m   [0mSET SQL_AUTO_IS_NULL=0[0m


Processing HomeController#index (for 127.0.0.1 at 2009-10-17 15:04:44) [GET]
  Parameters: {"action"=>"index", "controller"=>"home"}
Rendering template within layouts/application
Rendering home/index
Rendered layouts/_headmeta (26.2ms)

ActionView::TemplateError (Mysql::Error: Table 'cube_development.sessions' doesn't exist: SHOW FIELDS FROM `sessions`) on line #10 of app/views/layouts/application.html.erb:
7: <body class="yui-skin-sam">
8:   <!-- Application Layout -->
9:   <div id="wrapper" class="container_12">
10:     <%= render :partial => 'layouts/flash', :locals => {:flash => flash} %>
11: 	  <div id="hd" class='grid_12 alpha omega'>
12:       <%= render :partial => "layouts/header" %>
13: 	  </div>

    app/views/layouts/application.html.erb:10

Rendered rescues/_trace (84.1ms)
Rendered rescues/_request_and_response (1.8ms)
Rendering rescues/layout (internal_server_error)
  [4;36;1mSQL (0.1ms)[0m   [0;1mSET NAMES 'utf8'[0m
  [4;35;1mSQL (0.1ms)[0m   [0mSET SQL_AUTO_IS_NULL=0[0m
  [4;36;1mSQL (0.1ms)[0m   [0;1mSET NAMES 'utf8'[0m
  [4;35;1mSQL (0.1ms)[0m   [0mSET SQL_AUTO_IS_NULL=0[0m
  [4;36;1mSQL (0.1ms)[0m   [0;1mSET NAMES 'utf8'[0m
  [4;35;1mSQL (0.1ms)[0m   [0mSET SQL_AUTO_IS_NULL=0[0m


Processing HomeController#index (for 127.0.0.1 at 2009-10-17 15:06:18) [GET]
  Parameters: {"action"=>"index", "controller"=>"home"}
Rendering template within layouts/application
Rendering home/index
Rendered layouts/_headmeta (25.4ms)

ActionView::TemplateError (Mysql::Error: Table 'cube_development.sessions' doesn't exist: SHOW FIELDS FROM `sessions`) on line #10 of app/views/layouts/application.html.erb:
7: <body class="yui-skin-sam">
8:   <!-- Application Layout -->
9:   <div id="wrapper" class="container_12">
10:     <%= render :partial => 'layouts/flash', :locals => {:flash => flash} %>
11: 	  <div id="hd" class='grid_12 alpha omega'>
12:       <%= render :partial => "layouts/header" %>
13: 	  </div>

    app/views/layouts/application.html.erb:10

Rendered rescues/_trace (85.1ms)
Rendered rescues/_request_and_response (1.9ms)
Rendering rescues/layout (internal_server_error)
  [4;36;1mSQL (0.1ms)[0m   [0;1mSET NAMES 'utf8'[0m
  [4;35;1mSQL (0.1ms)[0m   [0mSET SQL_AUTO_IS_NULL=0[0m


Processing HomeController#index (for 127.0.0.1 at 2009-10-17 15:06:21) [GET]
  Parameters: {"action"=>"index", "controller"=>"home"}
Rendering template within layouts/application
Rendering home/index
Rendered layouts/_headmeta (6.4ms)

ActionView::TemplateError (Mysql::Error: Table 'cube_development.sessions' doesn't exist: SHOW FIELDS FROM `sessions`) on line #10 of app/views/layouts/application.html.erb:
7: <body class="yui-skin-sam">
8:   <!-- Application Layout -->
9:   <div id="wrapper" class="container_12">
10:     <%= render :partial => 'layouts/flash', :locals => {:flash => flash} %>
11: 	  <div id="hd" class='grid_12 alpha omega'>
12:       <%= render :partial => "layouts/header" %>
13: 	  </div>

    app/views/layouts/application.html.erb:10

Rendered rescues/_trace (80.1ms)
Rendered rescues/_request_and_response (0.4ms)
Rendering rescues/layout (internal_server_error)
  [4;36;1mSQL (0.1ms)[0m   [0;1mSET NAMES 'utf8'[0m
  [4;35;1mSQL (0.1ms)[0m   [0mSET SQL_AUTO_IS_NULL=0[0m


Processing HomeController#index (for 127.0.0.1 at 2009-10-17 15:06:45) [GET]
  Parameters: {"action"=>"index", "controller"=>"home"}
Rendering template within layouts/application
Rendering home/index
Rendered layouts/_headmeta (6.4ms)

ActionView::TemplateError (Mysql::Error: Table 'cube_development.sessions' doesn't exist: SHOW FIELDS FROM `sessions`) on line #10 of app/views/layouts/application.html.erb:
7: <body class="yui-skin-sam">
8:   <!-- Application Layout -->
9:   <div id="wrapper" class="container_12">
10:     <%= render :partial => 'layouts/flash', :locals => {:flash => flash} %>
11: 	  <div id="hd" class='grid_12 alpha omega'>
12:       <%= render :partial => "layouts/header" %>
13: 	  </div>

    app/views/layouts/application.html.erb:10

Rendered rescues/_trace (151.8ms)
Rendered rescues/_request_and_response (0.3ms)
Rendering rescues/layout (internal_server_error)
  [4;36;1mSQL (0.1ms)[0m   [0;1mSET NAMES 'utf8'[0m
  [4;35;1mSQL (0.1ms)[0m   [0mSET SQL_AUTO_IS_NULL=0[0m
  [4;36;1mSQL (0.3ms)[0m   [0;1mSHOW TABLES[0m
  [4;35;1mSQL (0.2ms)[0m   [0mSELECT version FROM schema_migrations[0m
Migrating to CreateAdmins (20091015162745)
Migrating to CreateAdminSessions (20091015164245)
Migrating to CreateSessions (20091017210604)
  [4;36;1mSQL (105.8ms)[0m   [0;1mCREATE TABLE `sessions` (`id` int(11) DEFAULT NULL auto_increment PRIMARY KEY, `session_id` varchar(255) NOT NULL, `data` text, `created_at` datetime, `updated_at` datetime) ENGINE=InnoDB[0m
  [4;35;1mSQL (162.8ms)[0m   [0mCREATE INDEX `index_sessions_on_session_id` ON `sessions` (`session_id`)[0m
  [4;36;1mSQL (99.6ms)[0m   [0;1mCREATE INDEX `index_sessions_on_updated_at` ON `sessions` (`updated_at`)[0m
  [4;35;1mSQL (1.1ms)[0m   [0mINSERT INTO schema_migrations (version) VALUES ('20091017210604')[0m
  [4;36;1mSQL (0.3ms)[0m   [0;1mSHOW TABLES[0m
  [4;35;1mSQL (0.1ms)[0m   [0mSELECT version FROM schema_migrations[0m
  [4;36;1mSQL (0.2ms)[0m   [0;1mSHOW TABLES[0m
  [4;35;1mSQL (1.6ms)[0m   [0mSHOW FIELDS FROM `admin_sessions`[0m
  [4;36;1mSQL (4.9ms)[0m   [0;1mdescribe `admin_sessions`[0m
  [4;35;1mSQL (2.2ms)[0m   [0mSHOW KEYS FROM `admin_sessions`[0m
  [4;36;1mSQL (1.4ms)[0m   [0;1mSHOW FIELDS FROM `admins`[0m
  [4;35;1mSQL (4.3ms)[0m   [0mdescribe `admins`[0m
  [4;36;1mSQL (1.3ms)[0m   [0;1mSHOW KEYS FROM `admins`[0m
  [4;35;1mSQL (1.3ms)[0m   [0mSHOW FIELDS FROM `sessions`[0m
  [4;36;1mSQL (4.3ms)[0m   [0;1mdescribe `sessions`[0m
  [4;35;1mSQL (2.1ms)[0m   [0mSHOW KEYS FROM `sessions`[0m
  [4;36;1mSQL (0.1ms)[0m   [0;1mSET NAMES 'utf8'[0m
  [4;35;1mSQL (0.1ms)[0m   [0mSET SQL_AUTO_IS_NULL=0[0m


Processing HomeController#index (for 127.0.0.1 at 2009-10-17 15:07:35) [GET]
  Parameters: {"action"=>"index", "controller"=>"home"}
Rendering template within layouts/application
Rendering home/index
Rendered layouts/_headmeta (26.4ms)

ActionView::TemplateError (Missing layout layouts/_flash.erb in view path app/views) on line #10 of app/views/layouts/application.html.erb:
7: <body class="yui-skin-sam">
8:   <!-- Application Layout -->
9:   <div id="wrapper" class="container_12">
10:     <%= render :partial => 'layouts/flash', :locals => {:flash => flash} %>
11: 	  <div id="hd" class='grid_12 alpha omega'>
12:       <%= render :partial => "layouts/header" %>
13: 	  </div>

    app/views/layouts/application.html.erb:10

Rendered rescues/_trace (70.1ms)
Rendered rescues/_request_and_response (1.9ms)
Rendering rescues/layout (internal_server_error)
  [4;36;1mSQL (0.1ms)[0m   [0;1mSET NAMES 'utf8'[0m
  [4;35;1mSQL (0.1ms)[0m   [0mSET SQL_AUTO_IS_NULL=0[0m


Processing HomeController#index (for 127.0.0.1 at 2009-10-17 15:08:19) [GET]
  Parameters: {"action"=>"index", "controller"=>"home"}
Rendering template within layouts/application
Rendering home/index
Rendered layouts/_headmeta (6.5ms)
Rendered layouts/_flash (1.0ms)

ActionView::TemplateError (Missing layout layouts/_header.erb in view path app/views) on line #12 of app/views/layouts/application.html.erb:
9:   <div id="wrapper" class="container_12">
10:     <%= render :partial => 'layouts/flash', :locals => {:flash => flash} %>
11: 	  <div id="hd" class='grid_12 alpha omega'>
12:       <%= render :partial => "layouts/header" %>
13: 	  </div>
14:     <div id="bd" class="grid_12 alpha omega">
15:       <div id="banner" class="grid_12 alpha omega">

    app/views/layouts/application.html.erb:12

Rendered rescues/_trace (68.1ms)
Rendered rescues/_request_and_response (0.3ms)
Rendering rescues/layout (internal_server_error)
  [4;36;1mSQL (0.1ms)[0m   [0;1mSET NAMES 'utf8'[0m
  [4;35;1mSQL (0.1ms)[0m   [0mSET SQL_AUTO_IS_NULL=0[0m


Processing HomeController#index (for 127.0.0.1 at 2009-10-17 15:08:37) [GET]
  Parameters: {"action"=>"index", "controller"=>"home"}
Rendering template within layouts/application
Rendering home/index
Rendered layouts/_headmeta (6.5ms)
Rendered layouts/_flash (0.1ms)
Rendered layouts/_header (1.2ms)
Rendered layouts/_footer (0.5ms)

ActionView::TemplateError (Missing layout layouts/_scripts.erb in view path app/views) on line #26 of app/views/layouts/application.html.erb:
23:       <%= render :partial => "layouts/footer" %>
24:     </div>
25: 	</div>
26: 	<%= render :partial => "layouts/scripts" %>
27: </body>
28: </html>

    app/views/layouts/application.html.erb:26

Rendered rescues/_trace (141.9ms)
Rendered rescues/_request_and_response (0.3ms)
Rendering rescues/layout (internal_server_error)
  [4;36;1mSQL (0.1ms)[0m   [0;1mSET NAMES 'utf8'[0m
  [4;35;1mSQL (0.1ms)[0m   [0mSET SQL_AUTO_IS_NULL=0[0m


Processing HomeController#index (for 127.0.0.1 at 2009-10-17 15:08:56) [GET]
  Parameters: {"action"=>"index", "controller"=>"home"}
Rendering template within layouts/application
Rendering home/index
Rendered layouts/_headmeta (6.2ms)
Rendered layouts/_flash (0.1ms)
Rendered layouts/_header (0.1ms)
Rendered layouts/_footer (0.1ms)
Rendered layouts/_scripts (0.4ms)
Completed in 22ms (View: 18, DB: 1) | 200 OK [http://localhost/]
  [4;36;1mSQL (0.1ms)[0m   [0;1mSET NAMES 'utf8'[0m
  [4;35;1mSQL (0.1ms)[0m   [0mSET SQL_AUTO_IS_NULL=0[0m


Processing ApplicationController#index (for 127.0.0.1 at 2009-10-17 15:08:58) [GET]

ActionController::RoutingError (No route matches "/images/main_bg.png" with {:method=>:get}):
  

Rendering rescues/layout (not_found)
  [4;36;1mSQL (0.1ms)[0m   [0;1mSET NAMES 'utf8'[0m
  [4;35;1mSQL (0.1ms)[0m   [0mSET SQL_AUTO_IS_NULL=0[0m


Processing ApplicationController#index (for 127.0.0.1 at 2009-10-17 15:08:58) [GET]

ActionController::RoutingError (No route matches "/images/footer_bg.png" with {:method=>:get}):
  

Rendering rescues/layout (not_found)
